#
# There is insufficient memory for the Java Runtime Environment to continue.
# Native memory allocation (mmap) failed to map 190840832 bytes for G1 virtual space
# Possible reasons:
#   The system is out of physical RAM or swap space
#   The process is running with CompressedOops enabled, and the Java Heap may be blocking the growth of the native heap
# Possible solutions:
#   Reduce memory load on the system
#   Increase physical memory or swap space
#   Check if swap backing store is full
#   Decrease Java heap size (-Xmx/-Xms)
#   Decrease number of Java threads
#   Decrease Java thread stack sizes (-Xss)
#   Set larger code cache with -XX:ReservedCodeCacheSize=
#   JVM is running with Zero Based Compressed Oops mode in which the Java heap is
#     placed in the first 32GB address space. The Java Heap base address is the
#     maximum limit for the native heap growth. Please use -XX:HeapBaseMinAddress
#     to set the Java Heap base and to place the Java Heap above 32GB virtual address.
# This output file may be truncated or incomplete.
#
#  Out of Memory Error (os_windows.cpp:3550), pid=19648, tid=26124
#
# JRE version:  (17.0.7+8) (build )
# Java VM: Java HotSpot(TM) 64-Bit Server VM (17.0.7+8-LTS-224, mixed mode, emulated-client, sharing, tiered, compressed oops, compressed class ptrs, g1 gc, windows-amd64)
# No core dump will be written. Minidumps are not enabled by default on client versions of Windows
#

---------------  S U M M A R Y ------------

Command Line: -XX:TieredStopAtLevel=1 -Dspring.output.ansi.enabled=always -Dcom.sun.management.jmxremote -Dspring.jmx.enabled=true -Dspring.liveBeansView.mbeanDomain -Dspring.application.admin.enabled=true -Dmanagement.endpoints.jmx.exposure.include=* -javaagent:C:\Program Files\JetBrains\IntelliJ IDEA 2024.3.1\lib\idea_rt.jar=59968:C:\Program Files\JetBrains\IntelliJ IDEA 2024.3.1\bin -Dfile.encoding=UTF-8 com.example.redstore.RedstoreApplication

Host: AMD Ryzen 3 5300U with Radeon Graphics         , 8 cores, 11G,  Windows 11 , 64 bit Build 22621 (10.0.22621.5415)
Time: Tue Dec 23 15:25:42 2025 SE Asia Standard Time elapsed time: 0.023020 seconds (0d 0h 0m 0s)

---------------  T H R E A D  ---------------

Current thread (0x0000026f9a11e2c0):  JavaThread "Unknown thread" [_thread_in_vm, id=26124, stack(0x000000f2ef100000,0x000000f2ef200000)]

Stack: [0x000000f2ef100000,0x000000f2ef200000]
Native frames: (J=compiled Java code, j=interpreted, Vv=VM code, C=native code)
V  [jvm.dll+0x676a4a]
V  [jvm.dll+0x7d74f4]
V  [jvm.dll+0x7d8c9e]
V  [jvm.dll+0x7d9303]
V  [jvm.dll+0x2452c5]
V  [jvm.dll+0x6738f9]
V  [jvm.dll+0x668232]
V  [jvm.dll+0x302826]
V  [jvm.dll+0x309da6]
V  [jvm.dll+0x35952e]
V  [jvm.dll+0x35975f]
V  [jvm.dll+0x2d9a38]
V  [jvm.dll+0x2da9a4]
V  [jvm.dll+0x7a8fb1]
V  [jvm.dll+0x3670e1]
V  [jvm.dll+0x788359]
V  [jvm.dll+0x3ea5ef]
V  [jvm.dll+0x3ec071]
C  [jli.dll+0x5297]
C  [ucrtbase.dll+0x29333]
C  [KERNEL32.DLL+0x1259d]
C  [ntdll.dll+0x5af78]


---------------  P R O C E S S  ---------------

Threads class SMR info:
_java_thread_list=0x00007fffe17b4998, length=0, elements={
}

Java Threads: ( => current thread )

Other Threads:
  0x0000026f9a176c70 GCTaskThread "GC Thread#0" [stack: 0x000000f2ef200000,0x000000f2ef300000] [id=20104]
  0x0000026f9a182ff0 ConcurrentGCThread "G1 Main Marker" [stack: 0x000000f2ef300000,0x000000f2ef400000] [id=12544]
  0x0000026f9a183900 ConcurrentGCThread "G1 Conc#0" [stack: 0x000000f2ef400000,0x000000f2ef500000] [id=24424]

[error occurred during error reporting (printing all threads), id 0xc0000005, EXCEPTION_ACCESS_VIOLATION (0xc0000005) at pc=0x00007fffe0fea697]

VM state: not at safepoint (not fully initialized)

VM Mutex/Monitor currently owned by a thread:  ([mutex/lock_event])
[0x0000026f9a11bd00] Heap_lock - owner thread: 0x0000026f9a11e2c0

Heap address: 0x000000074ac00000, size: 2900 MB, Compressed Oops mode: Zero based, Oop shift amount: 3

CDS archive(s) mapped at: [0x0000000000000000-0x0000000000000000-0x0000000000000000), size 0, SharedBaseAddress: 0x0000000800000000, ArchiveRelocationMode: 0.
Narrow klass base: 0x0000000000000000, Narrow klass shift: 0, Narrow klass range: 0x0

GC Precious Log:
<Empty>

Heap:
 garbage-first heap   total 0K, used 0K [0x000000074ac00000, 0x0000000800000000)
  region size 2048K, 0 young (0K), 0 survivors (0K)

[error occurred during error reporting (printing heap information), id 0xc0000005, EXCEPTION_ACCESS_VIOLATION (0xc0000005) at pc=0x00007fffe13d00b9]

GC Heap History (0 events):
No events

Deoptimization events (0 events):
No events

Classes unloaded (0 events):
No events

Classes redefined (0 events):
No events

Internal exceptions (0 events):
No events

VM Operations (0 events):
No events

Events (1 events):
Event: 0.016 Loaded shared library C:\Program Files\Java\jdk-17\bin\java.dll


Dynamic libraries:
0x00007ff7edf30000 - 0x00007ff7edf40000 	C:\Program Files\Java\jdk-17\bin\java.exe
0x00007ff82d3b0000 - 0x00007ff82d5c7000 	C:\WINDOWS\SYSTEM32\ntdll.dll
0x00007ff82c9b0000 - 0x00007ff82ca74000 	C:\WINDOWS\System32\KERNEL32.DLL
0x00007ff82a920000 - 0x00007ff82acf2000 	C:\WINDOWS\System32\KERNELBASE.dll
0x00007ff82a710000 - 0x00007ff82a821000 	C:\WINDOWS\System32\ucrtbase.dll
0x00007ff824da0000 - 0x00007ff824db9000 	C:\Program Files\Java\jdk-17\bin\jli.dll
0x00007ff824b80000 - 0x00007ff824b9b000 	C:\Program Files\Java\jdk-17\bin\VCRUNTIME140.dll
0x00007ff82cff0000 - 0x00007ff82d0a1000 	C:\WINDOWS\System32\ADVAPI32.dll
0x00007ff82c640000 - 0x00007ff82c6e7000 	C:\WINDOWS\System32\msvcrt.dll
0x00007ff82ba50000 - 0x00007ff82baf8000 	C:\WINDOWS\System32\sechost.dll
0x00007ff82a660000 - 0x00007ff82a688000 	C:\WINDOWS\System32\bcrypt.dll
0x00007ff82cb00000 - 0x00007ff82cc14000 	C:\WINDOWS\System32\RPCRT4.dll
0x00007ff82c7f0000 - 0x00007ff82c9a1000 	C:\WINDOWS\System32\USER32.dll
0x00007ff813270000 - 0x00007ff81350b000 	C:\WINDOWS\WinSxS\amd64_microsoft.windows.common-controls_6595b64144ccf1df_6.0.22621.5547_none_27104afb73855772\COMCTL32.dll
0x00007ff82d0b0000 - 0x00007ff82d0d9000 	C:\WINDOWS\System32\GDI32.dll
0x00007ff82a830000 - 0x00007ff82a856000 	C:\WINDOWS\System32\win32u.dll
0x00007ff82ae70000 - 0x00007ff82af93000 	C:\WINDOWS\System32\gdi32full.dll
0x00007ff82afa0000 - 0x00007ff82b03a000 	C:\WINDOWS\System32\msvcp_win.dll
0x00007ff822530000 - 0x00007ff82253a000 	C:\WINDOWS\SYSTEM32\VERSION.dll
0x00007ff82c580000 - 0x00007ff82c5b1000 	C:\WINDOWS\System32\IMM32.DLL
0x00007ff826860000 - 0x00007ff82686c000 	C:\Program Files\Java\jdk-17\bin\vcruntime140_1.dll
0x00007ff814fe0000 - 0x00007ff81506e000 	C:\Program Files\Java\jdk-17\bin\msvcp140.dll
0x00007fffe0d00000 - 0x00007fffe18dd000 	C:\Program Files\Java\jdk-17\bin\server\jvm.dll
0x00007ff82c570000 - 0x00007ff82c578000 	C:\WINDOWS\System32\PSAPI.DLL
0x00007ff826560000 - 0x00007ff826594000 	C:\WINDOWS\SYSTEM32\WINMM.dll
0x00007ff816050000 - 0x00007ff816059000 	C:\WINDOWS\SYSTEM32\WSOCK32.dll
0x00007ff82bbb0000 - 0x00007ff82bc21000 	C:\WINDOWS\System32\ws2_32.DLL
0x00007ff8294b0000 - 0x00007ff8294c8000 	C:\WINDOWS\SYSTEM32\kernel.appcore.dll
0x00007ff826760000 - 0x00007ff82676a000 	C:\Program Files\Java\jdk-17\bin\jimage.dll
0x00007ff825620000 - 0x00007ff825853000 	C:\WINDOWS\SYSTEM32\DBGHELP.DLL
0x00007ff82cc40000 - 0x00007ff82cfd3000 	C:\WINDOWS\System32\combase.dll
0x00007ff82c710000 - 0x00007ff82c7e7000 	C:\WINDOWS\System32\OLEAUT32.dll
0x00007ff813150000 - 0x00007ff813182000 	C:\WINDOWS\SYSTEM32\dbgcore.DLL
0x00007ff82a690000 - 0x00007ff82a70b000 	C:\WINDOWS\System32\bcryptPrimitives.dll
0x00007ff826740000 - 0x00007ff82674e000 	C:\Program Files\Java\jdk-17\bin\instrument.dll
0x00007ff816020000 - 0x00007ff816045000 	C:\Program Files\Java\jdk-17\bin\java.dll

dbghelp: loaded successfully - version: 4.0.5 - missing functions: none
symbol engine: initialized successfully - sym options: 0x614 - pdb path: .;C:\Program Files\Java\jdk-17\bin;C:\WINDOWS\SYSTEM32;C:\WINDOWS\WinSxS\amd64_microsoft.windows.common-controls_6595b64144ccf1df_6.0.22621.5547_none_27104afb73855772;C:\Program Files\Java\jdk-17\bin\server

VM Arguments:
jvm_args: -XX:TieredStopAtLevel=1 -Dspring.output.ansi.enabled=always -Dcom.sun.management.jmxremote -Dspring.jmx.enabled=true -Dspring.liveBeansView.mbeanDomain -Dspring.application.admin.enabled=true -Dmanagement.endpoints.jmx.exposure.include=* -javaagent:C:\Program Files\JetBrains\IntelliJ IDEA 2024.3.1\lib\idea_rt.jar=59968:C:\Program Files\JetBrains\IntelliJ IDEA 2024.3.1\bin -Dfile.encoding=UTF-8 
java_command: com.example.redstore.RedstoreApplication
java_class_path (initial): D:\DATN_TranVanPhuc\shopping-cart-main\redstore\target\classes;C:\Users\HP\.m2\repository\org\springframework\boot\spring-boot-starter-data-jpa\3.0.2\spring-boot-starter-data-jpa-3.0.2.jar;C:\Users\HP\.m2\repository\org\springframework\boot\spring-boot-starter-aop\3.0.2\spring-boot-starter-aop-3.0.2.jar;C:\Users\HP\.m2\repository\org\aspectj\aspectjweaver\1.9.19\aspectjweaver-1.9.19.jar;C:\Users\HP\.m2\repository\org\springframework\boot\spring-boot-starter-jdbc\3.0.2\spring-boot-starter-jdbc-3.0.2.jar;C:\Users\HP\.m2\repository\com\zaxxer\HikariCP\5.0.1\HikariCP-5.0.1.jar;C:\Users\HP\.m2\repository\org\springframework\spring-jdbc\6.0.4\spring-jdbc-6.0.4.jar;C:\Users\HP\.m2\repository\org\hibernate\orm\hibernate-core\6.1.6.Final\hibernate-core-6.1.6.Final.jar;C:\Users\HP\.m2\repository\jakarta\persistence\jakarta.persistence-api\3.1.0\jakarta.persistence-api-3.1.0.jar;C:\Users\HP\.m2\repository\jakarta\transaction\jakarta.transaction-api\2.0.1\jakarta.transaction-api-2.0.1.jar;C:\Users\HP\.m2\repository\org\jboss\logging\jboss-logging\3.5.0.Final\jboss-logging-3.5.0.Final.jar;C:\Users\HP\.m2\repository\org\hibernate\common\hibernate-commons-annotations\6.0.2.Final\hibernate-commons-annotations-6.0.2.Final.jar;C:\Users\HP\.m2\repository\org\jboss\jandex\2.4.2.Final\jandex-2.4.2.Final.jar;C:\Users\HP\.m2\repository\com\fasterxml\classmate\1.5.1\classmate-1.5.1.jar;C:\Users\HP\.m2\repository\net\bytebuddy\byte-buddy\1.12.22\byte-buddy-1.12.22.jar;C:\Users\HP\.m2\repository\org\glassfish\jaxb\jaxb-runtime\4.0.1\jaxb-runtime-4.0.1.jar;C:\Users\HP\.m2\repository\org\glassfish\jaxb\jaxb-core\4.0.1\jaxb-core-4.0.1.jar;C:\Users\HP\.m2\repository\org\glassfish\jaxb\txw2\4.0.1\txw2-4.0.1.jar;C:\Users\HP\.m2\repository\com\sun\istack\istack-commons-runtime\4.1.1\istack-commons-runtime-4.1.1.jar;C:\Users\HP\.m2\repository\jakarta\inject\jakarta.inject-api\2.0.0\jakarta.inject-api-2.0.0.jar;C:\Users\HP\.m2\repository\org\antlr\antlr4-runtime\4.10.1\an
Launcher Type: SUN_STANDARD

[Global flags]
     intx CICompilerCount                          = 4                                         {product} {ergonomic}
     uint ConcGCThreads                            = 2                                         {product} {ergonomic}
     uint G1ConcRefinementThreads                  = 8                                         {product} {ergonomic}
   size_t G1HeapRegionSize                         = 2097152                                   {product} {ergonomic}
    uintx GCDrainStackTargetSize                   = 64                                        {product} {ergonomic}
   size_t InitialHeapSize                          = 190840832                                 {product} {ergonomic}
     bool ManagementServer                         = true                                      {product} {command line}
   size_t MarkStackSize                            = 4194304                                   {product} {ergonomic}
   size_t MaxHeapSize                              = 3040870400                                {product} {ergonomic}
   size_t MinHeapDeltaBytes                        = 2097152                                   {product} {ergonomic}
   size_t MinHeapSize                              = 8388608                                   {product} {ergonomic}
    uintx NonProfiledCodeHeapSize                  = 0                                      {pd product} {ergonomic}
     bool ProfileInterpreter                       = false                                  {pd product} {command line}
    uintx ProfiledCodeHeapSize                     = 0                                      {pd product} {ergonomic}
   size_t SoftMaxHeapSize                          = 3040870400                             {manageable} {ergonomic}
     intx TieredStopAtLevel                        = 1                                         {product} {command line}
     bool UseCompressedClassPointers               = true                           {product lp64_product} {ergonomic}
     bool UseCompressedOops                        = true                           {product lp64_product} {ergonomic}
     bool UseG1GC                                  = true                                      {product} {ergonomic}
     bool UseLargePagesIndividualAllocation        = false                                  {pd product} {ergonomic}

Logging:
Log output configuration:
 #0: stdout all=warning uptime,level,tags
 #1: stderr all=off uptime,level,tags

Environment Variables:
PATH=C:\Program Files\Common Files\Oracle\Java\javapath;C:\WINDOWS\system32;C:\WINDOWS;C:\WINDOWS\System32\Wbem;C:\WINDOWS\System32\WindowsPowerShell\v1.0\;C:\WINDOWS\System32\OpenSSH\;C:\xampp\php;C:\xampp\mysql\bin;C:\composer;C:\Program Files\Azure Data Studio\bin;C:\Program Files (x86)\Graphviz\bin;C:\Program Files (x86)\Microsoft SQL Server\160\Tools\Binn\;C:\Program Files\Microsoft SQL Server\160\Tools\Binn\;C:\Program Files\Microsoft SQL Server\Client SDK\ODBC\170\Tools\Binn\;C:\Program Files\Microsoft SQL Server\160\DTS\Binn\;C:\Program Files (x86)\Microsoft SQL Server\150\DTS\Binn\;C:\Program Files\nodejs\;C:\Program Files\Git\cmd;C:\Program Files\Git\bin;C:\Program Files\Microsoft SQL Server\150\Tools\Binn\;C:\Program Files\Cloudflare\Cloudflare WARP\;C:\Users\HP\AppData\Local\Programs\Python\Python311\Scripts\;C:\Users\HP\AppData\Local\Programs\Python\Python311\;C:\Users\HP\AppData\Local\Microsoft\WindowsApps;C:\Source\Microsoft VS Code\bin;C:\xampp\mysql\bin;D:\java\bin;C:\Users\HP\AppData\Roaming\Composer\vendor\bin;C:\Program Files\Azure Data Studio\bin;C:\Program Files (x86)\Graphviz\bin;C:\Users\HP\AppData\Roaming\npm;C:\Program Files\JetBrains\IntelliJ IDEA 2024.3.1\bin;
USERNAME=HP
OS=Windows_NT
PROCESSOR_IDENTIFIER=AMD64 Family 23 Model 104 Stepping 1, AuthenticAMD



---------------  S Y S T E M  ---------------

OS:
 Windows 11 , 64 bit Build 22621 (10.0.22621.5415)
OS uptime: 54 days 15:52 hours
Hyper-V role detected

CPU: total 8 (initial active 8) (8 cores per cpu, 2 threads per core) family 23 model 104 stepping 1 microcode 0x0, cx8, cmov, fxsr, ht, mmx, 3dnowpref, sse, sse2, sse3, ssse3, sse4a, sse4.1, sse4.2, popcnt, lzcnt, tsc, tscinvbit, avx, avx2, aes, clmul, bmi1, bmi2, adx, sha, fma, vzeroupper, clflush, clflushopt, hv

Memory: 4k page, system-wide physical 11599M (1115M free)
TotalPageFile size 15668M (AvailPageFile size 142M)
current process WorkingSet (physical memory assigned to process): 11M, peak: 11M
current process commit charge ("private bytes"): 55M, peak: 237M

vm_info: Java HotSpot(TM) 64-Bit Server VM (17.0.7+8-LTS-224) for windows-amd64 JRE (17.0.7+8-LTS-224), built on Feb 28 2023 23:03:02 by "mach5one" with MS VC++ 17.1 (VS2022)

END.
